#
# There is insufficient memory for the Java Runtime Environment to continue.
# Native memory allocation (mmap) failed to map 264241152 bytes for G1 virtual space
# Possible reasons:
#   The system is out of physical RAM or swap space
#   The process is running with CompressedOops enabled, and the Java Heap may be blocking the growth of the native heap
# Possible solutions:
#   Reduce memory load on the system
#   Increase physical memory or swap space
#   Check if swap backing store is full
#   Decrease Java heap size (-Xmx/-Xms)
#   Decrease number of Java threads
#   Decrease Java thread stack sizes (-Xss)
#   Set larger code cache with -XX:ReservedCodeCacheSize=
#   JVM is running with Zero Based Compressed Oops mode in which the Java heap is
#     placed in the first 32GB address space. The Java Heap base address is the
#     maximum limit for the native heap growth. Please use -XX:HeapBaseMinAddress
#     to set the Java Heap base and to place the Java Heap above 32GB virtual address.
# This output file may be truncated or incomplete.
#
#  Out of Memory Error (os_windows.cpp:3548), pid=19968, tid=2080
#
# JRE version:  (17.0.12+8) (build )
# Java VM: Java HotSpot(TM) 64-Bit Server VM (17.0.12+8-LTS-286, mixed mode, emulated-client, sharing, tiered, compressed oops, compressed class ptrs, g1 gc, windows-amd64)
# No core dump will be written. Minidumps are not enabled by default on client versions of Windows
#

---------------  S U M M A R Y ------------

Command Line: -XX:TieredStopAtLevel=1 -Dspring.output.ansi.enabled=always -Dcom.sun.management.jmxremote -Dspring.jmx.enabled=true -Dspring.liveBeansView.mbeanDomain -Dspring.application.admin.enabled=true -Dmanagement.endpoints.jmx.exposure.include=* -javaagent:D:\IntelliJ IDEA 2024.1.7\lib\idea_rt.jar=18254:D:\IntelliJ IDEA 2024.1.7\bin -Dfile.encoding=UTF-8 org.example.webboot.WebbootApplication

Host: 12th Gen Intel(R) Core(TM) i7-12700H, 20 cores, 15G,  Windows 11 , 64 bit Build 22621 (10.0.22621.5124)
Time: Mon Apr 21 09:42:43 2025  Windows 11 , 64 bit Build 22621 (10.0.22621.5124) elapsed time: 0.012197 seconds (0d 0h 0m 0s)

---------------  T H R E A D  ---------------

Current thread (0x000001e056944460):  JavaThread "Unknown thread" [_thread_in_vm, id=2080, stack(0x000000bf5a400000,0x000000bf5a500000)]

Stack: [0x000000bf5a400000,0x000000bf5a500000]
Native frames: (J=compiled Java code, j=interpreted, Vv=VM code, C=native code)
V  [jvm.dll+0x67a04a]
V  [jvm.dll+0x7da4ed]
V  [jvm.dll+0x7dbe33]
V  [jvm.dll+0x7dc4a3]
V  [jvm.dll+0x24508f]
V  [jvm.dll+0x677089]
V  [jvm.dll+0x66bd32]
V  [jvm.dll+0x301fa6]
V  [jvm.dll+0x309546]
V  [jvm.dll+0x359d2e]
V  [jvm.dll+0x359f5f]
V  [jvm.dll+0x2d9078]
V  [jvm.dll+0x2d9fe4]
V  [jvm.dll+0x7aca21]
V  [jvm.dll+0x367591]
V  [jvm.dll+0x78b999]
V  [jvm.dll+0x3ec83f]
V  [jvm.dll+0x3ee471]
C  [jli.dll+0x5297]
C  [ucrtbase.dll+0x29333]
C  [KERNEL32.DLL+0x1259d]
C  [ntdll.dll+0x5af38]


---------------  P R O C E S S  ---------------

Threads class SMR info:
_java_thread_list=0x00007ff948317a18, length=0, elements={
}

Java Threads: ( => current thread )

Other Threads:
  0x000001e0569b29f0 GCTaskThread "GC Thread#0" [stack: 0x000000bf5a500000,0x000000bf5a600000] [id=20236]
  0x000001e0569c3500 ConcurrentGCThread "G1 Main Marker" [stack: 0x000000bf5a600000,0x000000bf5a700000] [id=24704]
  0x000001e0569c3f10 ConcurrentGCThread "G1 Conc#0" [stack: 0x000000bf5a700000,0x000000bf5a800000] [id=13184]

[error occurred during error reporting (printing all threads), id 0xc0000005, EXCEPTION_ACCESS_VIOLATION (0xc0000005) at pc=0x00007ff947b49b67]

VM state: not at safepoint (not fully initialized)

VM Mutex/Monitor currently owned by a thread:  ([mutex/lock_event])
[0x000001e05693f7e0] Heap_lock - owner thread: 0x000001e056944460

Heap address: 0x0000000704400000, size: 4028 MB, Compressed Oops mode: Zero based, Oop shift amount: 3

CDS archive(s) mapped at: [0x0000000000000000-0x0000000000000000-0x0000000000000000), size 0, SharedBaseAddress: 0x0000000800000000, ArchiveRelocationMode: 1.
Narrow klass base: 0x0000000000000000, Narrow klass shift: 0, Narrow klass range: 0x0

GC Precious Log:
<Empty>

Heap:
 garbage-first heap   total 0K, used 0K [0x0000000704400000, 0x0000000800000000)
  region size 2048K, 0 young (0K), 0 survivors (0K)

[error occurred during error reporting (printing heap information), id 0xc0000005, EXCEPTION_ACCESS_VIOLATION (0xc0000005) at pc=0x00007ff947f33859]

GC Heap History (0 events):
No events

Deoptimization events (0 events):
No events

Classes unloaded (0 events):
No events

Classes redefined (0 events):
No events

Internal exceptions (0 events):
No events

VM Operations (0 events):
No events

Events (1 events):
Event: 0.008 Loaded shared library D:\jdk-17\bin\java.dll


Dynamic libraries:
0x00007ff753f00000 - 0x00007ff753f10000 	D:\jdk-17\bin\java.exe
0x00007ffa2bf30000 - 0x00007ffa2c147000 	C:\WINDOWS\SYSTEM32\ntdll.dll
0x00007ffa29cf0000 - 0x00007ffa29db4000 	C:\WINDOWS\System32\KERNEL32.DLL
0x00007ffa297f0000 - 0x00007ffa29bc3000 	C:\WINDOWS\System32\KERNELBASE.dll
0x00007ffa29470000 - 0x00007ffa29581000 	C:\WINDOWS\System32\ucrtbase.dll
0x00007ff9dd9b0000 - 0x00007ff9dd9c9000 	D:\jdk-17\bin\jli.dll
0x00007ff9cd950000 - 0x00007ff9cd96b000 	D:\jdk-17\bin\VCRUNTIME140.dll
0x00007ffa29dc0000 - 0x00007ffa29e71000 	C:\WINDOWS\System32\ADVAPI32.dll
0x00007ffa2ae00000 - 0x00007ffa2aea7000 	C:\WINDOWS\System32\msvcrt.dll
0x00007ffa29bd0000 - 0x00007ffa29c78000 	C:\WINDOWS\System32\sechost.dll
0x00007ffa29160000 - 0x00007ffa29188000 	C:\WINDOWS\System32\bcrypt.dll
0x00007ffa2a300000 - 0x00007ffa2a414000 	C:\WINDOWS\System32\RPCRT4.dll
0x00007ffa2b290000 - 0x00007ffa2b441000 	C:\WINDOWS\System32\USER32.dll
0x00007ffa293c0000 - 0x00007ffa293e6000 	C:\WINDOWS\System32\win32u.dll
0x00007ffa0d310000 - 0x00007ffa0d5a8000 	C:\WINDOWS\WinSxS\amd64_microsoft.windows.common-controls_6595b64144ccf1df_6.0.22621.5124_none_270e8f4f7386d69d\COMCTL32.dll
0x00007ffa2a870000 - 0x00007ffa2a899000 	C:\WINDOWS\System32\GDI32.dll
0x00007ffa296d0000 - 0x00007ffa297eb000 	C:\WINDOWS\System32\gdi32full.dll
0x00007ffa29040000 - 0x00007ffa290da000 	C:\WINDOWS\System32\msvcp_win.dll
0x00007ffa112e0000 - 0x00007ffa112ea000 	C:\WINDOWS\SYSTEM32\VERSION.dll
0x00007ffa2af60000 - 0x00007ffa2af91000 	C:\WINDOWS\System32\IMM32.DLL
0x00007ff9fec30000 - 0x00007ff9fec3c000 	D:\jdk-17\bin\vcruntime140_1.dll
0x00007ff9cd8c0000 - 0x00007ff9cd94e000 	D:\jdk-17\bin\msvcp140.dll
0x00007ff947860000 - 0x00007ff948440000 	D:\jdk-17\bin\server\jvm.dll
0x00007ffa2aeb0000 - 0x00007ffa2aeb8000 	C:\WINDOWS\System32\PSAPI.DLL
0x00007ffa1f280000 - 0x00007ffa1f2b4000 	C:\WINDOWS\SYSTEM32\WINMM.dll
0x00007ff9eafa0000 - 0x00007ff9eafa9000 	C:\WINDOWS\SYSTEM32\WSOCK32.dll
0x00007ffa2aee0000 - 0x00007ffa2af51000 	C:\WINDOWS\System32\WS2_32.dll
0x00007ffa28030000 - 0x00007ffa28048000 	C:\WINDOWS\SYSTEM32\kernel.appcore.dll
0x00007ff9e59e0000 - 0x00007ff9e59ea000 	D:\jdk-17\bin\jimage.dll
0x00007ffa267a0000 - 0x00007ffa269d2000 	C:\WINDOWS\SYSTEM32\DBGHELP.DLL
0x00007ffa2a9c0000 - 0x00007ffa2ad52000 	C:\WINDOWS\System32\combase.dll
0x00007ffa2a730000 - 0x00007ffa2a807000 	C:\WINDOWS\System32\OLEAUT32.dll
0x00007ffa08f10000 - 0x00007ffa08f42000 	C:\WINDOWS\SYSTEM32\dbgcore.DLL
0x00007ffa290e0000 - 0x00007ffa2915b000 	C:\WINDOWS\System32\bcryptPrimitives.dll
0x00007ff9e32a0000 - 0x00007ff9e32ae000 	D:\jdk-17\bin\instrument.dll
0x00007ff9cd890000 - 0x00007ff9cd8b5000 	D:\jdk-17\bin\java.dll

dbghelp: loaded successfully - version: 4.0.5 - missing functions: none
symbol engine: initialized successfully - sym options: 0x614 - pdb path: .;D:\jdk-17\bin;C:\WINDOWS\SYSTEM32;C:\WINDOWS\WinSxS\amd64_microsoft.windows.common-controls_6595b64144ccf1df_6.0.22621.5124_none_270e8f4f7386d69d;D:\jdk-17\bin\server

VM Arguments:
jvm_args: -XX:TieredStopAtLevel=1 -Dspring.output.ansi.enabled=always -Dcom.sun.management.jmxremote -Dspring.jmx.enabled=true -Dspring.liveBeansView.mbeanDomain -Dspring.application.admin.enabled=true -Dmanagement.endpoints.jmx.exposure.include=* -javaagent:D:\IntelliJ IDEA 2024.1.7\lib\idea_rt.jar=18254:D:\IntelliJ IDEA 2024.1.7\bin -Dfile.encoding=UTF-8 
java_command: org.example.webboot.WebbootApplication
java_class_path (initial): D:\JAVA SHIT\Webboot\target\classes;D:\MavenLib\repository\org\springframework\boot\spring-boot-starter-web\2.7.0\spring-boot-starter-web-2.7.0.jar;D:\MavenLib\repository\org\springframework\boot\spring-boot-starter\2.7.0\spring-boot-starter-2.7.0.jar;D:\MavenLib\repository\org\springframework\boot\spring-boot\2.7.0\spring-boot-2.7.0.jar;D:\MavenLib\repository\org\springframework\boot\spring-boot-starter-logging\2.7.0\spring-boot-starter-logging-2.7.0.jar;D:\MavenLib\repository\org\apache\logging\log4j\log4j-to-slf4j\2.17.2\log4j-to-slf4j-2.17.2.jar;D:\MavenLib\repository\org\apache\logging\log4j\log4j-api\2.17.2\log4j-api-2.17.2.jar;D:\MavenLib\repository\org\slf4j\jul-to-slf4j\1.7.36\jul-to-slf4j-1.7.36.jar;D:\MavenLib\repository\jakarta\annotation\jakarta.annotation-api\1.3.5\jakarta.annotation-api-1.3.5.jar;D:\MavenLib\repository\org\yaml\snakeyaml\1.30\snakeyaml-1.30.jar;D:\MavenLib\repository\org\springframework\boot\spring-boot-starter-json\2.7.0\spring-boot-starter-json-2.7.0.jar;D:\MavenLib\repository\com\fasterxml\jackson\datatype\jackson-datatype-jdk8\2.13.3\jackson-datatype-jdk8-2.13.3.jar;D:\MavenLib\repository\com\fasterxml\jackson\module\jackson-module-parameter-names\2.13.3\jackson-module-parameter-names-2.13.3.jar;D:\MavenLib\repository\org\springframework\boot\spring-boot-starter-tomcat\2.7.0\spring-boot-starter-tomcat-2.7.0.jar;D:\MavenLib\repository\org\apache\tomcat\embed\tomcat-embed-core\9.0.63\tomcat-embed-core-9.0.63.jar;D:\MavenLib\repository\org\apache\tomcat\embed\tomcat-embed-websocket\9.0.63\tomcat-embed-websocket-9.0.63.jar;D:\MavenLib\repository\org\springframework\spring-web\5.3.20\spring-web-5.3.20.jar;D:\MavenLib\repository\org\springframework\spring-webmvc\5.3.20\spring-webmvc-5.3.20.jar;D:\MavenLib\repository\org\springframework\boot\spring-boot-starter-security\2.7.0\spring-boot-starter-security-2.7.0.jar;D:\MavenLib\repository\org\springframework\spring-aop\5.3.20\spring-aop-5.3.20.jar;D:\MavenLib\r
Launcher Type: SUN_STANDARD

[Global flags]
     intx CICompilerCount                          = 12                                        {product} {ergonomic}
     uint ConcGCThreads                            = 4                                         {product} {ergonomic}
     uint G1ConcRefinementThreads                  = 15                                        {product} {ergonomic}
   size_t G1HeapRegionSize                         = 2097152                                   {product} {ergonomic}
    uintx GCDrainStackTargetSize                   = 64                                        {product} {ergonomic}
   size_t InitialHeapSize                          = 264241152                                 {product} {ergonomic}
     bool ManagementServer                         = true                                      {product} {command line}
   size_t MarkStackSize                            = 4194304                                   {product} {ergonomic}
   size_t MaxHeapSize                              = 4223664128                                {product} {ergonomic}
   size_t MinHeapDeltaBytes                        = 2097152                                   {product} {ergonomic}
   size_t MinHeapSize                              = 8388608                                   {product} {ergonomic}
    uintx NonProfiledCodeHeapSize                  = 0                                      {pd product} {ergonomic}
     bool ProfileInterpreter                       = false                                  {pd product} {command line}
    uintx ProfiledCodeHeapSize                     = 0                                      {pd product} {ergonomic}
   size_t SoftMaxHeapSize                          = 4223664128                             {manageable} {ergonomic}
     intx TieredStopAtLevel                        = 1                                         {product} {command line}
     bool UseCompressedClassPointers               = true                           {product lp64_product} {ergonomic}
     bool UseCompressedOops                        = true                           {product lp64_product} {ergonomic}
     bool UseG1GC                                  = true                                      {product} {ergonomic}
     bool UseLargePagesIndividualAllocation        = false                                  {pd product} {ergonomic}

Logging:
Log output configuration:
 #0: stdout all=warning uptime,level,tags
 #1: stderr all=off uptime,level,tags

Environment Variables:
JAVA_HOME=D:\jdk-23
CLASSPATH=.;D:\jdk-23\lib;D:\jdk-23\lib\tools.jar;D:\apache-tomcat-9.0.97\lib\servlet-api.jar;
PATH=D:\nodejs\;D:\nodejs\;D:\nodejs\node_global;D:\nodejs\node_cache;C:\Program Files\Common Files\Oracle\Java\javapath;C:\Windows\System32\HWAudioDriverLibs;C:\Windows\system32;C:\Windows;C:\Windows\System32\Wbem;C:\Windows\System32\WindowsPowerShell\v1.0\;C:\Windows\System32\OpenSSH\;C:\Users\Administrator\AppData\Local\Microsoft\WindowsApps;C:\Program Files\dotnet\;C:\WINDOWS\system32;C:\WINDOWS;C:\WINDOWS\System32\Wbem;C:\WINDOWS\System32\WindowsPowerShell\v1.0\;C:\WINDOWS\System32\OpenSSH\;C:\WINDOWS\system32\config\systemprofile\AppData\Local\Microsoft\WindowsApps;C:\windows\system32\HWAudioDriver\;D:\JAVA SHIT\apache-maven-3.9.6\bin;C:\Program Files\MySQL\MySQL Server 5.7\bin;D:\JAVA SHIT\gradle-7.6.4-all\gradle-7.6.4\bin;D:\codeVSwork\mingw64\bin;D:\Desktop\apache-jmeter-5.6.3\bin;"D:\jdk-23\bin;";"D:\jdk-23\jre\bin;";D:\Python\Lib\site-packages\django\bin;D:\Git\cmd;D:\neo4j-community-5.25.1-windows\neo4j-community-5.25.1\bin;D:\apache-tomcat-9.0.97\bin;D:\apache-tomcat-9.0.97\bin;D:\apache-tomcat-9.0.97\lib;C:\Program Files\MySQL\MySQL Server 8.0\bin;C:\Program Files (x86)\Windows Kits\10\Windows Performance Toolkit\;D:\Strawberry\c\bin;D:\Strawberry\perl\site\bin;D:\Strawberry\perl\bin;D:\Redis;D:\TortoiseGit\bin;D:\CMake\bin;D:\Python\Python313\Scripts\;D:\Python\Python313\;C:\Users\16437\AppData\Local\Microsoft\WindowsApps;C:\Users\16437\.dotnet\tools;D:\PyCharm Community Edition 2024.2.4\bin;;D:\PyCharm 2024.1.7\bin;;D:\PhpStorm 2024.1.7\bin;;D:\Microsoft VS Code\bin;C:\Users\16437\AppData\Local\Programs\Microsoft VS Code\bin;D:\IntelliJ IDEA 2024.1.7\bin;;D:\nodejs\node_global;
USERNAME=16437
OS=Windows_NT
PROCESSOR_IDENTIFIER=Intel64 Family 6 Model 154 Stepping 3, GenuineIntel



---------------  S Y S T E M  ---------------

OS:
 Windows 11 , 64 bit Build 22621 (10.0.22621.5124)
OS uptime: 0 days 10:35 hours
Hyper-V role detected

CPU: total 20 (initial active 20) (10 cores per cpu, 2 threads per core) family 6 model 154 stepping 3 microcode 0x41e, cx8, cmov, fxsr, ht, mmx, 3dnowpref, sse, sse2, sse3, ssse3, sse4.1, sse4.2, popcnt, lzcnt, tsc, tscinvbit, avx, avx2, aes, erms, clmul, bmi1, bmi2, adx, sha, fma, vzeroupper, clflush, clflushopt, clwb, hv

Memory: 4k page, system-wide physical 16110M (1218M free)
TotalPageFile size 19461M (AvailPageFile size 243M)
current process WorkingSet (physical memory assigned to process): 11M, peak: 11M
current process commit charge ("private bytes"): 70M, peak: 322M

vm_info: Java HotSpot(TM) 64-Bit Server VM (17.0.12+8-LTS-286) for windows-amd64 JRE (17.0.12+8-LTS-286), built on Jun  5 2024 06:46:59 by "mach5one" with MS VC++ 17.6 (VS2022)

END.
